Picked up JAVA_TOOL_OPTIONS: -Dstdout.encoding=UTF-8 -Dstderr.encoding=UTF-8

  .   ____          _            __ _ _
 /\\ / ___'_ __ _ _(_)_ __  __ _ \ \ \ \
( ( )\___ | '_ | '_| | '_ \/ _` | \ \ \ \
 \\/  ___)| |_)| | | | | || (_| |  ) ) ) )
  '  |____| .__|_| |_|_| |_\__, | / / / /
 =========|_|==============|___/=/_/_/_/

 :: Spring Boot ::                (v3.5.6)

2025-11-14T18:44:05.202+01:00  INFO 6492 --- [WorldbuildingApp] [           main] c.w.W.WorldbuildingAppApplication        : Starting WorldbuildingAppApplication v0.0.1-SNAPSHOT using Java 24.0.1 with PID 6492 (C:\Users\rober\Desktop\Proyectos propios\WorldbuildingApp\target\WorldbuildingApp-0.0.1-SNAPSHOT.jar started by rober in c:\Users\rober\Desktop\Proyectos propios\WorldbuildingApp)
2025-11-14T18:44:05.206+01:00 DEBUG 6492 --- [WorldbuildingApp] [           main] c.w.W.WorldbuildingAppApplication        : Running with Spring Boot v3.5.6, Spring v6.2.11
2025-11-14T18:44:05.207+01:00  INFO 6492 --- [WorldbuildingApp] [           main] c.w.W.WorldbuildingAppApplication        : No active profile set, falling back to 1 default profile: "default"
2025-11-14T18:44:05.833+01:00  INFO 6492 --- [WorldbuildingApp] [           main] .s.d.r.c.RepositoryConfigurationDelegate : Bootstrapping Spring Data JPA repositories in DEFAULT mode.
2025-11-14T18:44:05.908+01:00  INFO 6492 --- [WorldbuildingApp] [           main] .s.d.r.c.RepositoryConfigurationDelegate : Finished Spring Data repository scanning in 64 ms. Found 9 JPA repository interfaces.
2025-11-14T18:44:06.832+01:00  INFO 6492 --- [WorldbuildingApp] [           main] o.s.b.w.embedded.tomcat.TomcatWebServer  : Tomcat initialized with port 8080 (http)
2025-11-14T18:44:06.852+01:00  INFO 6492 --- [WorldbuildingApp] [           main] o.apache.catalina.core.StandardService   : Starting service [Tomcat]
2025-11-14T18:44:06.852+01:00  INFO 6492 --- [WorldbuildingApp] [           main] o.apache.catalina.core.StandardEngine    : Starting Servlet engine: [Apache Tomcat/10.1.46]
2025-11-14T18:44:06.886+01:00  INFO 6492 --- [WorldbuildingApp] [           main] o.a.c.c.C.[Tomcat].[localhost].[/]       : Initializing Spring embedded WebApplicationContext
2025-11-14T18:44:06.887+01:00  INFO 6492 --- [WorldbuildingApp] [           main] w.s.c.ServletWebServerApplicationContext : Root WebApplicationContext: initialization completed in 1616 ms
2025-11-14T18:44:07.156+01:00  INFO 6492 --- [WorldbuildingApp] [           main] o.hibernate.jpa.internal.util.LogHelper  : HHH000204: Processing PersistenceUnitInfo [name: default]
2025-11-14T18:44:07.255+01:00  INFO 6492 --- [WorldbuildingApp] [           main] org.hibernate.Version                    : HHH000412: Hibernate ORM core version 6.6.29.Final
2025-11-14T18:44:07.292+01:00  INFO 6492 --- [WorldbuildingApp] [           main] o.h.c.internal.RegionFactoryInitiator    : HHH000026: Second-level cache disabled
2025-11-14T18:44:07.603+01:00  INFO 6492 --- [WorldbuildingApp] [           main] o.s.o.j.p.SpringPersistenceUnitInfo      : No LoadTimeWeaver setup: ignoring JPA class transformer
2025-11-14T18:44:07.635+01:00  INFO 6492 --- [WorldbuildingApp] [           main] com.zaxxer.hikari.HikariDataSource       : HikariPool-1 - Starting...
2025-11-14T18:44:07.822+01:00  INFO 6492 --- [WorldbuildingApp] [           main] com.zaxxer.hikari.pool.HikariPool        : HikariPool-1 - Added connection com.mysql.cj.jdbc.ConnectionImpl@428eb3d5
2025-11-14T18:44:07.824+01:00  INFO 6492 --- [WorldbuildingApp] [           main] com.zaxxer.hikari.HikariDataSource       : HikariPool-1 - Start completed.
2025-11-14T18:44:07.866+01:00  WARN 6492 --- [WorldbuildingApp] [           main] org.hibernate.dialect.Dialect            : HHH000511: The 5.5.5 version for [org.hibernate.dialect.MySQLDialect] is no longer supported, hence certain features may not work properly. The minimum supported version is 8.0.0. Check the community dialects project for available legacy versions.
2025-11-14T18:44:07.871+01:00  WARN 6492 --- [WorldbuildingApp] [           main] org.hibernate.orm.deprecation            : HHH90000025: MySQLDialect does not need to be specified explicitly using 'hibernate.dialect' (remove the property setting and it will be selected by default)
2025-11-14T18:44:07.893+01:00  INFO 6492 --- [WorldbuildingApp] [           main] org.hibernate.orm.connections.pooling    : HHH10001005: Database info:
	Database JDBC URL [Connecting through datasource 'HikariDataSource (HikariPool-1)']
	Database driver: undefined/unknown
	Database version: 5.5.5
	Autocommit mode: undefined/unknown
	Isolation level: undefined/unknown
	Minimum pool size: undefined/unknown
	Maximum pool size: undefined/unknown
2025-11-14T18:44:08.656+01:00  INFO 6492 --- [WorldbuildingApp] [           main] o.h.e.t.j.p.i.JtaPlatformInitiator       : HHH000489: No JTA platform available (set 'hibernate.transaction.jta.platform' to enable JTA platform integration)
2025-11-14T18:44:08.759+01:00  INFO 6492 --- [WorldbuildingApp] [           main] j.LocalContainerEntityManagerFactoryBean : Initialized JPA EntityManagerFactory for persistence unit 'default'
2025-11-14T18:44:09.040+01:00  INFO 6492 --- [WorldbuildingApp] [           main] o.s.d.j.r.query.QueryEnhancerFactory     : Hibernate is in classpath; If applicable, HQL parser will be used.
2025-11-14T18:44:09.211+01:00  WARN 6492 --- [WorldbuildingApp] [           main] JpaBaseConfiguration$JpaWebConfiguration : spring.jpa.open-in-view is enabled by default. Therefore, database queries may be performed during view rendering. Explicitly configure spring.jpa.open-in-view to disable this warning
2025-11-14T18:44:09.238+01:00  INFO 6492 --- [WorldbuildingApp] [           main] o.s.b.a.w.s.WelcomePageHandlerMapping    : Adding welcome page: class path resource [static/index.html]
2025-11-14T18:44:09.822+01:00  INFO 6492 --- [WorldbuildingApp] [           main] o.s.b.a.e.web.EndpointLinksResolver      : Exposing 1 endpoint beneath base path '/actuator'
2025-11-14T18:44:09.921+01:00  INFO 6492 --- [WorldbuildingApp] [           main] o.s.b.w.embedded.tomcat.TomcatWebServer  : Tomcat started on port 8080 (http) with context path '/'
2025-11-14T18:44:09.935+01:00  INFO 6492 --- [WorldbuildingApp] [           main] c.w.W.WorldbuildingAppApplication        : Started WorldbuildingAppApplication in 5.196 seconds (process running for 5.678)
2025-11-14T18:44:10.257+01:00  INFO 6492 --- [WorldbuildingApp] [nio-8080-exec-1] o.a.c.c.C.[Tomcat].[localhost].[/]       : Initializing Spring DispatcherServlet 'dispatcherServlet'
2025-11-14T18:44:10.257+01:00  INFO 6492 --- [WorldbuildingApp] [nio-8080-exec-1] o.s.web.servlet.DispatcherServlet        : Initializing Servlet 'dispatcherServlet'
2025-11-14T18:44:10.259+01:00  INFO 6492 --- [WorldbuildingApp] [nio-8080-exec-1] o.s.web.servlet.DispatcherServlet        : Completed initialization in 2 ms
2025-11-14T18:44:25.365+01:00  INFO 6492 --- [WorldbuildingApp] [ionShutdownHook] o.s.b.w.e.tomcat.GracefulShutdown        : Commencing graceful shutdown. Waiting for active requests to complete
2025-11-14T18:44:25.371+01:00  INFO 6492 --- [WorldbuildingApp] [tomcat-shutdown] o.s.b.w.e.tomcat.GracefulShutdown        : Graceful shutdown complete
2025-11-14T18:44:25.376+01:00  INFO 6492 --- [WorldbuildingApp] [ionShutdownHook] j.LocalContainerEntityManagerFactoryBean : Closing JPA EntityManagerFactory for persistence unit 'default'
2025-11-14T18:44:25.379+01:00  INFO 6492 --- [WorldbuildingApp] [ionShutdownHook] com.zaxxer.hikari.HikariDataSource       : HikariPool-1 - Shutdown initiated...
2025-11-14T18:44:25.386+01:00  INFO 6492 --- [WorldbuildingApp] [ionShutdownHook] com.zaxxer.hikari.HikariDataSource       : HikariPool-1 - Shutdown completed.
